<?xml version="1.0" encoding="UTF-8"?>
<!-- Generated by org.testng.reporters.JUnitReportReporter -->
<testsuite skipped="0" hostname="BLRKEC370234D" name="Day9.FD.Ecommerce_TestNG02" tests="2" failures="0" timestamp="02 Jun 2017 11:29:28 GMT" time="127.679" errors="0">
  <testcase name="Login_Validation" time="51.006" classname="Day9.FD.Ecommerce_TestNG02"/>
  <testcase name="Login_Validation" time="76.673" classname="Day9.FD.Ecommerce_TestNG02"/>
</testsuite> <!-- Day9.FD.Ecommerce_TestNG02 -->
