<?xml version="1.0" encoding="UTF-8"?>
<!-- Generated by org.testng.reporters.JUnitReportReporter -->
<testsuite skipped="2" hostname="BLRKEC370234D" name="AFD.scripts.Scenario_Login" tests="2" failures="0" timestamp="06 Jun 2017 08:46:42 GMT" time="0.000" errors="0">
  <testcase name="Login_ValidLogin" time="0.000" classname="AFD.scripts.Scenario_Login">
    <skipped/>
  </testcase> <!-- Login_ValidLogin -->
  <testcase name="Login_InValidLogin" classname="AFD.scripts.Scenario_Login">
    <skipped/>
  </testcase> <!-- Login_InValidLogin -->
</testsuite> <!-- AFD.scripts.Scenario_Login -->
