<?xml version="1.0" encoding="UTF-8"?>
<!-- Generated by org.testng.reporters.JUnitReportReporter -->
<testsuite skipped="0" hostname="BLRKEC370234D" name="Day9.FD.Ecommerce_TestNG" tests="1" failures="0" timestamp="01 Jun 2017 11:39:22 GMT" time="52.111" errors="0">
  <testcase name="Login_Validation" time="52.111" classname="Day9.FD.Ecommerce_TestNG"/>
</testsuite> <!-- Day9.FD.Ecommerce_TestNG -->
