<?xml version="1.0" encoding="UTF-8"?>
<!-- Generated by org.testng.reporters.JUnitReportReporter -->
<testsuite skipped="0" hostname="BLRKEC370234D" name="Day9.FD.Ecommerce_TestNG" tests="1" failures="0" timestamp="31 May 2017 09:47:09 GMT" time="63.312" errors="0">
  <testcase name="Login_Validation" time="63.312" classname="Day9.FD.Ecommerce_TestNG"/>
</testsuite> <!-- Day9.FD.Ecommerce_TestNG -->
