<?xml version="1.0" encoding="UTF-8"?>
<!-- Generated by org.testng.reporters.JUnitReportReporter -->
<testsuite skipped="0" hostname="BLRKEC370234D" name="Day9.FD.EMICalc_TestNG" tests="2" failures="0" timestamp="01 Jun 2017 11:17:40 GMT" time="21.137" errors="0">
  <testcase name="EMICacl" time="10.840" classname="Day9.FD.EMICalc_TestNG"/>
  <testcase name="EMICacl" time="10.297" classname="Day9.FD.EMICalc_TestNG"/>
</testsuite> <!-- Day9.FD.EMICalc_TestNG -->
