<?xml version="1.0" encoding="UTF-8"?>
<!-- Generated by org.testng.reporters.JUnitReportReporter -->
<testsuite skipped="0" hostname="BLRKEC370234D" name="Day9.FD.Ecommerce_TestNG01" tests="2" failures="0" timestamp="02 Jun 2017 08:15:24 GMT" time="100.587" errors="0">
  <testcase name="Login_Validation" time="39.025" classname="Day9.FD.Ecommerce_TestNG01"/>
  <testcase name="Login_Validation" time="61.562" classname="Day9.FD.Ecommerce_TestNG01"/>
</testsuite> <!-- Day9.FD.Ecommerce_TestNG01 -->
